This file contains any messages produced by compilers while
running configure, to aid debugging if configure makes a mistake.

It was created by configure, which was
generated by GNU Autoconf 2.68.  Invocation command line was

  $ ./configure --enable-gcc --disable-shared --prefix=/home/salmanee/ns-allinone-2.33

## --------- ##
## Platform. ##
## --------- ##

hostname = secnode1
uname -m = x86_64
uname -r = 3.2.0-91-generic
uname -s = Linux
uname -v = #129-Ubuntu SMP Wed Sep 9 10:56:06 UTC 2015

/usr/bin/uname -p = unknown
/bin/uname -X     = unknown

/bin/arch              = unknown
/usr/bin/arch -k       = unknown
/usr/convex/getsysinfo = unknown
/usr/bin/hostinfo      = unknown
/bin/machine           = unknown
/usr/bin/oslevel       = unknown
/bin/universe          = unknown

PATH: /home/salmanee/ns-allinone-2.33/bin
PATH: /usr/local/sbin
PATH: /usr/local/bin
PATH: /usr/sbin
PATH: /usr/bin
PATH: /sbin
PATH: /bin
PATH: /usr/games


## ----------- ##
## Core tests. ##
## ----------- ##

configure:2353: checking whether to use symlinks for manpages
configure:2362: result: no
configure:2365: checking whether to compress the manpages
configure:2378: result: no
configure:2392: checking whether to add a package name suffix for the manpages
configure:2405: result: no
configure:2469: checking for gcc
configure:2485: found /usr/bin/gcc
configure:2496: result: gcc
configure:2725: checking for C compiler version
configure:2734: gcc --version >&5
gcc (Ubuntu/Linaro 4.6.3-1ubuntu5) 4.6.3
Copyright (C) 2011 Free Software Foundation, Inc.
This is free software; see the source for copying conditions.  There is NO
warranty; not even for MERCHANTABILITY or FITNESS FOR A PARTICULAR PURPOSE.

configure:2745: $? = 0
configure:2734: gcc -v >&5
Using built-in specs.
COLLECT_GCC=gcc
COLLECT_LTO_WRAPPER=/usr/lib/gcc/x86_64-linux-gnu/4.6/lto-wrapper
Target: x86_64-linux-gnu
Configured with: ../src/configure -v --with-pkgversion='Ubuntu/Linaro 4.6.3-1ubuntu5' --with-bugurl=file:///usr/share/doc/gcc-4.6/README.Bugs --enable-languages=c,c++,fortran,objc,obj-c++ --prefix=/usr --program-suffix=-4.6 --enable-shared --enable-linker-build-id --with-system-zlib --libexecdir=/usr/lib --without-included-gettext --enable-threads=posix --with-gxx-include-dir=/usr/include/c++/4.6 --libdir=/usr/lib --enable-nls --with-sysroot=/ --enable-clocale=gnu --enable-libstdcxx-debug --enable-libstdcxx-time=yes --enable-gnu-unique-object --enable-plugin --enable-objc-gc --disable-werror --with-arch-32=i686 --with-tune=generic --enable-checking=release --build=x86_64-linux-gnu --host=x86_64-linux-gnu --target=x86_64-linux-gnu
Thread model: posix
gcc version 4.6.3 (Ubuntu/Linaro 4.6.3-1ubuntu5) 
configure:2745: $? = 0
configure:2734: gcc -V >&5
gcc: error: unrecognized option '-V'
gcc: fatal error: no input files
compilation terminated.
configure:2745: $? = 4
configure:2734: gcc -qversion >&5
gcc: error: unrecognized option '-qversion'
gcc: fatal error: no input files
compilation terminated.
configure:2745: $? = 4
configure:2765: checking whether the C compiler works
configure:2787: gcc    conftest.c  >&5
configure:2791: $? = 0
configure:2839: result: yes
configure:2842: checking for C compiler default output file name
configure:2844: result: a.out
configure:2850: checking for suffix of executables
configure:2857: gcc -o conftest    conftest.c  >&5
configure:2861: $? = 0
configure:2883: result: 
configure:2905: checking whether we are cross compiling
configure:2913: gcc -o conftest    conftest.c  >&5
configure:2917: $? = 0
configure:2924: ./conftest
configure:2928: $? = 0
configure:2943: result: no
configure:2948: checking for suffix of object files
configure:2970: gcc -c   conftest.c >&5
configure:2974: $? = 0
configure:2995: result: o
configure:2999: checking whether we are using the GNU C compiler
configure:3018: gcc -c   conftest.c >&5
configure:3018: $? = 0
configure:3027: result: yes
configure:3036: checking whether gcc accepts -g
configure:3056: gcc -c -g  conftest.c >&5
configure:3056: $? = 0
configure:3097: result: yes
configure:3114: checking for gcc option to accept ISO C89
configure:3178: gcc  -c   conftest.c >&5
configure:3178: $? = 0
configure:3191: result: none needed
configure:3227: checking how to run the C preprocessor
configure:3258: gcc -E  conftest.c
configure:3258: $? = 0
configure:3272: gcc -E  conftest.c
conftest.c:9:28: fatal error: ac_nonexistent.h: No such file or directory
compilation terminated.
configure:3272: $? = 1
configure: failed program was:
| /* confdefs.h */
| #define PACKAGE_NAME ""
| #define PACKAGE_TARNAME ""
| #define PACKAGE_VERSION ""
| #define PACKAGE_STRING ""
| #define PACKAGE_BUGREPORT ""
| #define PACKAGE_URL ""
| /* end confdefs.h.  */
| #include <ac_nonexistent.h>
configure:3297: result: gcc -E
configure:3317: gcc -E  conftest.c
configure:3317: $? = 0
configure:3331: gcc -E  conftest.c
conftest.c:9:28: fatal error: ac_nonexistent.h: No such file or directory
compilation terminated.
configure:3331: $? = 1
configure: failed program was:
| /* confdefs.h */
| #define PACKAGE_NAME ""
| #define PACKAGE_TARNAME ""
| #define PACKAGE_VERSION ""
| #define PACKAGE_STRING ""
| #define PACKAGE_BUGREPORT ""
| #define PACKAGE_URL ""
| /* end confdefs.h.  */
| #include <ac_nonexistent.h>
configure:3360: checking for grep that handles long lines and -e
configure:3418: result: /bin/grep
configure:3423: checking for egrep
configure:3485: result: /bin/grep -E
configure:3490: checking for ANSI C header files
configure:3510: gcc -c   conftest.c >&5
configure:3510: $? = 0
configure:3583: gcc -o conftest    conftest.c  >&5
configure:3583: $? = 0
configure:3583: ./conftest
configure:3583: $? = 0
configure:3594: result: yes
configure:3607: checking for sys/types.h
configure:3607: gcc -c   conftest.c >&5
configure:3607: $? = 0
configure:3607: result: yes
configure:3607: checking for sys/stat.h
configure:3607: gcc -c   conftest.c >&5
configure:3607: $? = 0
configure:3607: result: yes
configure:3607: checking for stdlib.h
configure:3607: gcc -c   conftest.c >&5
configure:3607: $? = 0
configure:3607: result: yes
configure:3607: checking for string.h
configure:3607: gcc -c   conftest.c >&5
configure:3607: $? = 0
configure:3607: result: yes
configure:3607: checking for memory.h
configure:3607: gcc -c   conftest.c >&5
configure:3607: $? = 0
configure:3607: result: yes
configure:3607: checking for strings.h
configure:3607: gcc -c   conftest.c >&5
configure:3607: $? = 0
configure:3607: result: yes
configure:3607: checking for inttypes.h
configure:3607: gcc -c   conftest.c >&5
configure:3607: $? = 0
configure:3607: result: yes
configure:3607: checking for stdint.h
configure:3607: gcc -c   conftest.c >&5
configure:3607: $? = 0
configure:3607: result: yes
configure:3607: checking for unistd.h
configure:3607: gcc -c   conftest.c >&5
configure:3607: $? = 0
configure:3607: result: yes
configure:3620: checking dirent.h
configure:3656: gcc -o conftest    conftest.c  >&5
configure:3656: $? = 0
configure:3664: result: yes
configure:3672: checking errno.h usability
configure:3672: gcc -c   conftest.c >&5
configure:3672: $? = 0
configure:3672: result: yes
configure:3672: checking errno.h presence
configure:3672: gcc -E  conftest.c
configure:3672: $? = 0
configure:3672: result: yes
configure:3672: checking for errno.h
configure:3672: result: yes
configure:3681: checking float.h usability
configure:3681: gcc -c   conftest.c >&5
configure:3681: $? = 0
configure:3681: result: yes
configure:3681: checking float.h presence
configure:3681: gcc -E  conftest.c
configure:3681: $? = 0
configure:3681: result: yes
configure:3681: checking for float.h
configure:3681: result: yes
configure:3690: checking values.h usability
configure:3690: gcc -c   conftest.c >&5
configure:3690: $? = 0
configure:3690: result: yes
configure:3690: checking values.h presence
configure:3690: gcc -E  conftest.c
configure:3690: $? = 0
configure:3690: result: yes
configure:3690: checking for values.h
configure:3690: result: yes
configure:3699: checking limits.h usability
configure:3699: gcc -c   conftest.c >&5
configure:3699: $? = 0
configure:3699: result: yes
configure:3699: checking limits.h presence
configure:3699: gcc -E  conftest.c
configure:3699: $? = 0
configure:3699: result: yes
configure:3699: checking for limits.h
configure:3699: result: yes
configure:3709: checking for stdlib.h
configure:3709: result: yes
configure:3760: checking for string.h
configure:3760: result: yes
configure:3803: checking sys/wait.h usability
configure:3803: gcc -c   conftest.c >&5
configure:3803: $? = 0
configure:3803: result: yes
configure:3803: checking sys/wait.h presence
configure:3803: gcc -E  conftest.c
configure:3803: $? = 0
configure:3803: result: yes
configure:3803: checking for sys/wait.h
configure:3803: result: yes
configure:3812: checking dlfcn.h usability
configure:3812: gcc -c   conftest.c >&5
configure:3812: $? = 0
configure:3812: result: yes
configure:3812: checking dlfcn.h presence
configure:3812: gcc -E  conftest.c
configure:3812: $? = 0
configure:3812: result: yes
configure:3812: checking for dlfcn.h
configure:3812: result: yes
configure:3826: checking for unistd.h
configure:3826: result: yes
configure:3826: checking sys/param.h usability
configure:3826: gcc -c   conftest.c >&5
configure:3826: $? = 0
configure:3826: result: yes
configure:3826: checking sys/param.h presence
configure:3826: gcc -E  conftest.c
configure:3826: $? = 0
configure:3826: result: yes
configure:3826: checking for sys/param.h
configure:3826: result: yes
configure:3844: checking if the compiler understands -pipe
configure:3862: gcc -c  -pipe  conftest.c >&5
configure:3862: $? = 0
configure:3870: result: yes
configure:4179: checking for building with threads
configure:4193: result: no (default)
configure:4212: checking for sin
configure:4212: gcc -o conftest  -pipe   conftest.c  >&5
conftest.c:45:6: warning: conflicting types for built-in function 'sin' [enabled by default]
/tmp/ccInJRzS.o: In function `main':
conftest.c:(.text+0xa): undefined reference to `sin'
collect2: ld returned 1 exit status
configure:4212: $? = 1
configure: failed program was:
| /* confdefs.h */
| #define PACKAGE_NAME ""
| #define PACKAGE_TARNAME ""
| #define PACKAGE_VERSION ""
| #define PACKAGE_STRING ""
| #define PACKAGE_BUGREPORT ""
| #define PACKAGE_URL ""
| #define STDC_HEADERS 1
| #define HAVE_SYS_TYPES_H 1
| #define HAVE_SYS_STAT_H 1
| #define HAVE_STDLIB_H 1
| #define HAVE_STRING_H 1
| #define HAVE_MEMORY_H 1
| #define HAVE_STRINGS_H 1
| #define HAVE_INTTYPES_H 1
| #define HAVE_STDINT_H 1
| #define HAVE_UNISTD_H 1
| #define HAVE_LIMITS_H 1
| #define HAVE_UNISTD_H 1
| #define HAVE_SYS_PARAM_H 1
| /* end confdefs.h.  */
| /* Define sin to an innocuous variant, in case <limits.h> declares sin.
|    For example, HP-UX 11i <limits.h> declares gettimeofday.  */
| #define sin innocuous_sin
| 
| /* System header to define __stub macros and hopefully few prototypes,
|     which can conflict with char sin (); below.
|     Prefer <limits.h> to <assert.h> if __STDC__ is defined, since
|     <limits.h> exists even on freestanding compilers.  */
| 
| #ifdef __STDC__
| # include <limits.h>
| #else
| # include <assert.h>
| #endif
| 
| #undef sin
| 
| /* Override any GCC internal prototype to avoid an error.
|    Use char because int might match the return type of a GCC
|    builtin and then its argument prototype would still apply.  */
| #ifdef __cplusplus
| extern "C"
| #endif
| char sin ();
| /* The GNU C library defines this for functions which it implements
|     to always fail with ENOSYS.  Some functions are actually named
|     something starting with __ and the normal name is an alias.  */
| #if defined __stub_sin || defined __stub___sin
| choke me
| #endif
| 
| int
| main ()
| {
| return sin ();
|   ;
|   return 0;
| }
configure:4212: result: no
configure:4219: checking for main in -lieee
configure:4238: gcc -o conftest  -pipe   conftest.c -lieee   >&5
configure:4238: $? = 0
configure:4247: result: yes
configure:4259: checking for main in -linet
configure:4278: gcc -o conftest  -pipe   conftest.c -linet   >&5
/usr/bin/ld: cannot find -linet
collect2: ld returned 1 exit status
configure:4278: $? = 1
configure: failed program was:
| /* confdefs.h */
| #define PACKAGE_NAME ""
| #define PACKAGE_TARNAME ""
| #define PACKAGE_VERSION ""
| #define PACKAGE_STRING ""
| #define PACKAGE_BUGREPORT ""
| #define PACKAGE_URL ""
| #define STDC_HEADERS 1
| #define HAVE_SYS_TYPES_H 1
| #define HAVE_SYS_STAT_H 1
| #define HAVE_STDLIB_H 1
| #define HAVE_STRING_H 1
| #define HAVE_MEMORY_H 1
| #define HAVE_STRINGS_H 1
| #define HAVE_INTTYPES_H 1
| #define HAVE_STDINT_H 1
| #define HAVE_UNISTD_H 1
| #define HAVE_LIMITS_H 1
| #define HAVE_UNISTD_H 1
| #define HAVE_SYS_PARAM_H 1
| /* end confdefs.h.  */
| 
| 
| int
| main ()
| {
| return main ();
|   ;
|   return 0;
| }
configure:4287: result: no
configure:4293: checking net/errno.h usability
configure:4293: gcc -c  -pipe  conftest.c >&5
conftest.c:55:23: fatal error: net/errno.h: No such file or directory
compilation terminated.
configure:4293: $? = 1
configure: failed program was:
| /* confdefs.h */
| #define PACKAGE_NAME ""
| #define PACKAGE_TARNAME ""
| #define PACKAGE_VERSION ""
| #define PACKAGE_STRING ""
| #define PACKAGE_BUGREPORT ""
| #define PACKAGE_URL ""
| #define STDC_HEADERS 1
| #define HAVE_SYS_TYPES_H 1
| #define HAVE_SYS_STAT_H 1
| #define HAVE_STDLIB_H 1
| #define HAVE_STRING_H 1
| #define HAVE_MEMORY_H 1
| #define HAVE_STRINGS_H 1
| #define HAVE_INTTYPES_H 1
| #define HAVE_STDINT_H 1
| #define HAVE_UNISTD_H 1
| #define HAVE_LIMITS_H 1
| #define HAVE_UNISTD_H 1
| #define HAVE_SYS_PARAM_H 1
| /* end confdefs.h.  */
| #include <stdio.h>
| #ifdef HAVE_SYS_TYPES_H
| # include <sys/types.h>
| #endif
| #ifdef HAVE_SYS_STAT_H
| # include <sys/stat.h>
| #endif
| #ifdef STDC_HEADERS
| # include <stdlib.h>
| # include <stddef.h>
| #else
| # ifdef HAVE_STDLIB_H
| #  include <stdlib.h>
| # endif
| #endif
| #ifdef HAVE_STRING_H
| # if !defined STDC_HEADERS && defined HAVE_MEMORY_H
| #  include <memory.h>
| # endif
| # include <string.h>
| #endif
| #ifdef HAVE_STRINGS_H
| # include <strings.h>
| #endif
| #ifdef HAVE_INTTYPES_H
| # include <inttypes.h>
| #endif
| #ifdef HAVE_STDINT_H
| # include <stdint.h>
| #endif
| #ifdef HAVE_UNISTD_H
| # include <unistd.h>
| #endif
| #include <net/errno.h>
configure:4293: result: no
configure:4293: checking net/errno.h presence
configure:4293: gcc -E  conftest.c
conftest.c:22:23: fatal error: net/errno.h: No such file or directory
compilation terminated.
configure:4293: $? = 1
configure: failed program was:
| /* confdefs.h */
| #define PACKAGE_NAME ""
| #define PACKAGE_TARNAME ""
| #define PACKAGE_VERSION ""
| #define PACKAGE_STRING ""
| #define PACKAGE_BUGREPORT ""
| #define PACKAGE_URL ""
| #define STDC_HEADERS 1
| #define HAVE_SYS_TYPES_H 1
| #define HAVE_SYS_STAT_H 1
| #define HAVE_STDLIB_H 1
| #define HAVE_STRING_H 1
| #define HAVE_MEMORY_H 1
| #define HAVE_STRINGS_H 1
| #define HAVE_INTTYPES_H 1
| #define HAVE_STDINT_H 1
| #define HAVE_UNISTD_H 1
| #define HAVE_LIMITS_H 1
| #define HAVE_UNISTD_H 1
| #define HAVE_SYS_PARAM_H 1
| /* end confdefs.h.  */
| #include <net/errno.h>
configure:4293: result: no
configure:4293: checking for net/errno.h
configure:4293: result: no
configure:4320: checking for connect
configure:4320: gcc -o conftest  -pipe   conftest.c  >&5
configure:4320: $? = 0
configure:4320: result: yes
configure:4388: checking for gethostbyname
configure:4388: gcc -o conftest  -pipe   conftest.c  >&5
configure:4388: $? = 0
configure:4388: result: yes
configure:4447: checking how to build libraries
configure:4469: result: static
configure:4526: checking for ranlib
configure:4542: found /usr/bin/ranlib
configure:4553: result: ranlib
configure:4579: checking if 64bit support is requested
configure:4588: result: no
configure:4593: checking if 64bit Sparc VIS support is requested
configure:4602: result: no
configure:4614: checking system version
configure:4642: result: Linux-3.2.0-91-generic
configure:4650: checking for dlopen in -ldl
configure:4675: gcc -o conftest  -pipe   conftest.c -ldl   >&5
configure:4675: $? = 0
configure:4684: result: yes
configure:4718: checking for ar
configure:4734: found /usr/bin/ar
configure:4745: result: ar
configure:6492: checking for build with symbols
configure:6506: result: no
configure:6550: checking for required early compiler flags
configure:6568: gcc -c  -pipe  conftest.c >&5
configure:6568: $? = 0
configure:6614: gcc -c  -pipe  conftest.c >&5
conftest.c: In function 'main':
conftest.c:28:15: error: storage size of 'buf' isn't known
configure:6614: $? = 1
configure: failed program was:
| /* confdefs.h */
| #define PACKAGE_NAME ""
| #define PACKAGE_TARNAME ""
| #define PACKAGE_VERSION ""
| #define PACKAGE_STRING ""
| #define PACKAGE_BUGREPORT ""
| #define PACKAGE_URL ""
| #define STDC_HEADERS 1
| #define HAVE_SYS_TYPES_H 1
| #define HAVE_SYS_STAT_H 1
| #define HAVE_STDLIB_H 1
| #define HAVE_STRING_H 1
| #define HAVE_MEMORY_H 1
| #define HAVE_STRINGS_H 1
| #define HAVE_INTTYPES_H 1
| #define HAVE_STDINT_H 1
| #define HAVE_UNISTD_H 1
| #define HAVE_LIMITS_H 1
| #define HAVE_UNISTD_H 1
| #define HAVE_SYS_PARAM_H 1
| #define STATIC_BUILD 1
| #define PEEK_XCLOSEIM 1
| /* end confdefs.h.  */
| #include <sys/stat.h>
| int
| main ()
| {
| struct stat64 buf; int i = stat64("/", &buf);
|   ;
|   return 0;
| }
configure:6629: gcc -c  -pipe  conftest.c >&5
configure:6629: $? = 0
configure:6660: gcc -c  -pipe  conftest.c >&5
conftest.c: In function 'main':
conftest.c:29:19: error: 'open64' undeclared (first use in this function)
conftest.c:29:19: note: each undeclared identifier is reported only once for each function it appears in
configure:6660: $? = 1
configure: failed program was:
| /* confdefs.h */
| #define PACKAGE_NAME ""
| #define PACKAGE_TARNAME ""
| #define PACKAGE_VERSION ""
| #define PACKAGE_STRING ""
| #define PACKAGE_BUGREPORT ""
| #define PACKAGE_URL ""
| #define STDC_HEADERS 1
| #define HAVE_SYS_TYPES_H 1
| #define HAVE_SYS_STAT_H 1
| #define HAVE_STDLIB_H 1
| #define HAVE_STRING_H 1
| #define HAVE_MEMORY_H 1
| #define HAVE_STRINGS_H 1
| #define HAVE_INTTYPES_H 1
| #define HAVE_STDINT_H 1
| #define HAVE_UNISTD_H 1
| #define HAVE_LIMITS_H 1
| #define HAVE_UNISTD_H 1
| #define HAVE_SYS_PARAM_H 1
| #define STATIC_BUILD 1
| #define PEEK_XCLOSEIM 1
| #define _LARGEFILE64_SOURCE 1
| /* end confdefs.h.  */
| #include <sys/stat.h>
| int
| main ()
| {
| char *p = (char *)open64;
|   ;
|   return 0;
| }
configure:6675: gcc -c  -pipe  conftest.c >&5
conftest.c: In function 'main':
conftest.c:30:19: error: 'open64' undeclared (first use in this function)
conftest.c:30:19: note: each undeclared identifier is reported only once for each function it appears in
configure:6675: $? = 1
configure: failed program was:
| /* confdefs.h */
| #define PACKAGE_NAME ""
| #define PACKAGE_TARNAME ""
| #define PACKAGE_VERSION ""
| #define PACKAGE_STRING ""
| #define PACKAGE_BUGREPORT ""
| #define PACKAGE_URL ""
| #define STDC_HEADERS 1
| #define HAVE_SYS_TYPES_H 1
| #define HAVE_SYS_STAT_H 1
| #define HAVE_STDLIB_H 1
| #define HAVE_STRING_H 1
| #define HAVE_MEMORY_H 1
| #define HAVE_STRINGS_H 1
| #define HAVE_INTTYPES_H 1
| #define HAVE_STDINT_H 1
| #define HAVE_UNISTD_H 1
| #define HAVE_LIMITS_H 1
| #define HAVE_UNISTD_H 1
| #define HAVE_SYS_PARAM_H 1
| #define STATIC_BUILD 1
| #define PEEK_XCLOSEIM 1
| #define _LARGEFILE64_SOURCE 1
| /* end confdefs.h.  */
| #define _LARGEFILE_SOURCE64 1
| #include <sys/stat.h>
| int
| main ()
| {
| char *p = (char *)open64;
|   ;
|   return 0;
| }
configure:6695: result:  _LARGEFILE64_SOURCE
configure:6701: checking for 64-bit integer type
configure:6720: gcc -c  -pipe  conftest.c >&5
conftest.c: In function 'main':
conftest.c:29:1: error: unknown type name '__int64'
conftest.c:29:18: error: '__int64' undeclared (first use in this function)
conftest.c:29:18: note: each undeclared identifier is reported only once for each function it appears in
conftest.c:29:27: error: expected ',' or ';' before numeric constant
configure:6720: $? = 1
configure: failed program was:
| /* confdefs.h */
| #define PACKAGE_NAME ""
| #define PACKAGE_TARNAME ""
| #define PACKAGE_VERSION ""
| #define PACKAGE_STRING ""
| #define PACKAGE_BUGREPORT ""
| #define PACKAGE_URL ""
| #define STDC_HEADERS 1
| #define HAVE_SYS_TYPES_H 1
| #define HAVE_SYS_STAT_H 1
| #define HAVE_STDLIB_H 1
| #define HAVE_STRING_H 1
| #define HAVE_MEMORY_H 1
| #define HAVE_STRINGS_H 1
| #define HAVE_INTTYPES_H 1
| #define HAVE_STDINT_H 1
| #define HAVE_UNISTD_H 1
| #define HAVE_LIMITS_H 1
| #define HAVE_UNISTD_H 1
| #define HAVE_SYS_PARAM_H 1
| #define STATIC_BUILD 1
| #define PEEK_XCLOSEIM 1
| #define _LARGEFILE64_SOURCE 1
| /* end confdefs.h.  */
| 
| int
| main ()
| {
| __int64 value = (__int64) 0;
|   ;
|   return 0;
| }
configure:6742: gcc -c  -pipe  conftest.c >&5
conftest.c: In function 'main':
conftest.c:30:21: error: duplicate case value
conftest.c:30:13: error: previously used here
configure:6742: $? = 1
configure: failed program was:
| /* confdefs.h */
| #define PACKAGE_NAME ""
| #define PACKAGE_TARNAME ""
| #define PACKAGE_VERSION ""
| #define PACKAGE_STRING ""
| #define PACKAGE_BUGREPORT ""
| #define PACKAGE_URL ""
| #define STDC_HEADERS 1
| #define HAVE_SYS_TYPES_H 1
| #define HAVE_SYS_STAT_H 1
| #define HAVE_STDLIB_H 1
| #define HAVE_STRING_H 1
| #define HAVE_MEMORY_H 1
| #define HAVE_STRINGS_H 1
| #define HAVE_INTTYPES_H 1
| #define HAVE_STDINT_H 1
| #define HAVE_UNISTD_H 1
| #define HAVE_LIMITS_H 1
| #define HAVE_UNISTD_H 1
| #define HAVE_SYS_PARAM_H 1
| #define STATIC_BUILD 1
| #define PEEK_XCLOSEIM 1
| #define _LARGEFILE64_SOURCE 1
| /* end confdefs.h.  */
| 
| int
| main ()
| {
| switch (0) {
|             case 1: case (sizeof(long long)==sizeof(long)): ;
|         }
|   ;
|   return 0;
| }
configure:6751: result: using long
configure:6883: checking whether byte ordering is bigendian
configure:6898: gcc -c  -pipe  conftest.c >&5
conftest.c:27:9: error: unknown type name 'not'
conftest.c:27:15: error: expected '=', ',', ';', 'asm' or '__attribute__' before 'universal'
conftest.c:27:15: error: unknown type name 'universal'
configure:6898: $? = 1
configure: failed program was:
| /* confdefs.h */
| #define PACKAGE_NAME ""
| #define PACKAGE_TARNAME ""
| #define PACKAGE_VERSION ""
| #define PACKAGE_STRING ""
| #define PACKAGE_BUGREPORT ""
| #define PACKAGE_URL ""
| #define STDC_HEADERS 1
| #define HAVE_SYS_TYPES_H 1
| #define HAVE_SYS_STAT_H 1
| #define HAVE_STDLIB_H 1
| #define HAVE_STRING_H 1
| #define HAVE_MEMORY_H 1
| #define HAVE_STRINGS_H 1
| #define HAVE_INTTYPES_H 1
| #define HAVE_STDINT_H 1
| #define HAVE_UNISTD_H 1
| #define HAVE_LIMITS_H 1
| #define HAVE_UNISTD_H 1
| #define HAVE_SYS_PARAM_H 1
| #define STATIC_BUILD 1
| #define PEEK_XCLOSEIM 1
| #define _LARGEFILE64_SOURCE 1
| #define TCL_WIDE_INT_IS_LONG 1
| /* end confdefs.h.  */
| #ifndef __APPLE_CC__
| 	       not a universal capable compiler
| 	     #endif
| 	     typedef int dummy;
| 
configure:6943: gcc -c  -pipe  conftest.c >&5
configure:6943: $? = 0
configure:6961: gcc -c  -pipe  conftest.c >&5
conftest.c: In function 'main':
conftest.c:33:4: error: unknown type name 'not'
conftest.c:33:12: error: expected '=', ',', ';', 'asm' or '__attribute__' before 'endian'
configure:6961: $? = 1
configure: failed program was:
| /* confdefs.h */
| #define PACKAGE_NAME ""
| #define PACKAGE_TARNAME ""
| #define PACKAGE_VERSION ""
| #define PACKAGE_STRING ""
| #define PACKAGE_BUGREPORT ""
| #define PACKAGE_URL ""
| #define STDC_HEADERS 1
| #define HAVE_SYS_TYPES_H 1
| #define HAVE_SYS_STAT_H 1
| #define HAVE_STDLIB_H 1
| #define HAVE_STRING_H 1
| #define HAVE_MEMORY_H 1
| #define HAVE_STRINGS_H 1
| #define HAVE_INTTYPES_H 1
| #define HAVE_STDINT_H 1
| #define HAVE_UNISTD_H 1
| #define HAVE_LIMITS_H 1
| #define HAVE_UNISTD_H 1
| #define HAVE_SYS_PARAM_H 1
| #define STATIC_BUILD 1
| #define PEEK_XCLOSEIM 1
| #define _LARGEFILE64_SOURCE 1
| #define TCL_WIDE_INT_IS_LONG 1
| /* end confdefs.h.  */
| #include <sys/types.h>
| 		#include <sys/param.h>
| 
| int
| main ()
| {
| #if BYTE_ORDER != BIG_ENDIAN
| 		 not big endian
| 		#endif
| 
|   ;
|   return 0;
| }
configure:7089: result: no
configure:7116: checking for getcwd
configure:7116: gcc -o conftest  -pipe   -Wl,--export-dynamic conftest.c  >&5
configure:7116: $? = 0
configure:7116: result: yes
configure:7131: checking for opendir
configure:7131: gcc -o conftest  -pipe   -Wl,--export-dynamic conftest.c  >&5
configure:7131: $? = 0
configure:7131: result: yes
configure:7144: checking for strstr
configure:7144: gcc -o conftest  -pipe   -Wl,--export-dynamic conftest.c  >&5
conftest.c:51:6: warning: conflicting types for built-in function 'strstr' [enabled by default]
configure:7144: $? = 0
configure:7144: result: yes
configure:7157: checking for strtol
configure:7157: gcc -o conftest  -pipe   -Wl,--export-dynamic conftest.c  >&5
configure:7157: $? = 0
configure:7157: result: yes
configure:7170: checking for strtoll
configure:7170: gcc -o conftest  -pipe   -Wl,--export-dynamic conftest.c  >&5
configure:7170: $? = 0
configure:7170: result: yes
configure:7183: checking for strtoull
configure:7183: gcc -o conftest  -pipe   -Wl,--export-dynamic conftest.c  >&5
configure:7183: $? = 0
configure:7183: result: yes
configure:7196: checking for tmpnam
configure:7196: gcc -o conftest  -pipe   -Wl,--export-dynamic conftest.c  >&5
configure:7196: $? = 0
configure:7196: result: yes
configure:7209: checking for waitpid
configure:7209: gcc -o conftest  -pipe   -Wl,--export-dynamic conftest.c  >&5
configure:7209: $? = 0
configure:7209: result: yes
configure:7223: checking for strerror
configure:7223: gcc -o conftest  -pipe   -Wl,--export-dynamic conftest.c  >&5
configure:7223: $? = 0
configure:7223: result: yes
configure:7231: checking for getwd
configure:7231: gcc -o conftest  -pipe   -Wl,--export-dynamic conftest.c  >&5
configure:7231: $? = 0
configure:7231: result: yes
configure:7239: checking for wait3
configure:7239: gcc -o conftest  -pipe   -Wl,--export-dynamic conftest.c  >&5
configure:7239: $? = 0
configure:7239: result: yes
configure:7247: checking for uname
configure:7247: gcc -o conftest  -pipe   -Wl,--export-dynamic conftest.c  >&5
configure:7247: $? = 0
configure:7247: result: yes
configure:7262: checking for realpath
configure:7262: gcc -o conftest  -pipe   -Wl,--export-dynamic conftest.c  >&5
configure:7262: $? = 0
configure:7262: result: yes
configure:7911: checking sys/modem.h usability
configure:7911: gcc -c  -pipe  conftest.c >&5
conftest.c:67:23: fatal error: sys/modem.h: No such file or directory
compilation terminated.
configure:7911: $? = 1
configure: failed program was:
| /* confdefs.h */
| #define PACKAGE_NAME ""
| #define PACKAGE_TARNAME ""
| #define PACKAGE_VERSION ""
| #define PACKAGE_STRING ""
| #define PACKAGE_BUGREPORT ""
| #define PACKAGE_URL ""
| #define STDC_HEADERS 1
| #define HAVE_SYS_TYPES_H 1
| #define HAVE_SYS_STAT_H 1
| #define HAVE_STDLIB_H 1
| #define HAVE_STRING_H 1
| #define HAVE_MEMORY_H 1
| #define HAVE_STRINGS_H 1
| #define HAVE_INTTYPES_H 1
| #define HAVE_STDINT_H 1
| #define HAVE_UNISTD_H 1
| #define HAVE_LIMITS_H 1
| #define HAVE_UNISTD_H 1
| #define HAVE_SYS_PARAM_H 1
| #define STATIC_BUILD 1
| #define PEEK_XCLOSEIM 1
| #define _LARGEFILE64_SOURCE 1
| #define TCL_WIDE_INT_IS_LONG 1
| #define HAVE_GETCWD 1
| #define HAVE_OPENDIR 1
| #define HAVE_STRSTR 1
| #define HAVE_STRTOL 1
| #define HAVE_STRTOLL 1
| #define HAVE_STRTOULL 1
| #define HAVE_TMPNAM 1
| #define HAVE_WAITPID 1
| /* end confdefs.h.  */
| #include <stdio.h>
| #ifdef HAVE_SYS_TYPES_H
| # include <sys/types.h>
| #endif
| #ifdef HAVE_SYS_STAT_H
| # include <sys/stat.h>
| #endif
| #ifdef STDC_HEADERS
| # include <stdlib.h>
| # include <stddef.h>
| #else
| # ifdef HAVE_STDLIB_H
| #  include <stdlib.h>
| # endif
| #endif
| #ifdef HAVE_STRING_H
| # if !defined STDC_HEADERS && defined HAVE_MEMORY_H
| #  include <memory.h>
| # endif
| # include <string.h>
| #endif
| #ifdef HAVE_STRINGS_H
| # include <strings.h>
| #endif
| #ifdef HAVE_INTTYPES_H
| # include <inttypes.h>
| #endif
| #ifdef HAVE_STDINT_H
| # include <stdint.h>
| #endif
| #ifdef HAVE_UNISTD_H
| # include <unistd.h>
| #endif
| #include <sys/modem.h>
configure:7911: result: no
configure:7911: checking sys/modem.h presence
configure:7911: gcc -E  conftest.c
conftest.c:34:23: fatal error: sys/modem.h: No such file or directory
compilation terminated.
configure:7911: $? = 1
configure: failed program was:
| /* confdefs.h */
| #define PACKAGE_NAME ""
| #define PACKAGE_TARNAME ""
| #define PACKAGE_VERSION ""
| #define PACKAGE_STRING ""
| #define PACKAGE_BUGREPORT ""
| #define PACKAGE_URL ""
| #define STDC_HEADERS 1
| #define HAVE_SYS_TYPES_H 1
| #define HAVE_SYS_STAT_H 1
| #define HAVE_STDLIB_H 1
| #define HAVE_STRING_H 1
| #define HAVE_MEMORY_H 1
| #define HAVE_STRINGS_H 1
| #define HAVE_INTTYPES_H 1
| #define HAVE_STDINT_H 1
| #define HAVE_UNISTD_H 1
| #define HAVE_LIMITS_H 1
| #define HAVE_UNISTD_H 1
| #define HAVE_SYS_PARAM_H 1
| #define STATIC_BUILD 1
| #define PEEK_XCLOSEIM 1
| #define _LARGEFILE64_SOURCE 1
| #define TCL_WIDE_INT_IS_LONG 1
| #define HAVE_GETCWD 1
| #define HAVE_OPENDIR 1
| #define HAVE_STRSTR 1
| #define HAVE_STRTOL 1
| #define HAVE_STRTOLL 1
| #define HAVE_STRTOULL 1
| #define HAVE_TMPNAM 1
| #define HAVE_WAITPID 1
| /* end confdefs.h.  */
| #include <sys/modem.h>
configure:7911: result: no
configure:7911: checking for sys/modem.h
configure:7911: result: no
configure:7921: checking termios vs. termio vs. sgtty
configure:7945: gcc -o conftest  -pipe   -Wl,--export-dynamic conftest.c  >&5
configure:7945: $? = 0
configure:7945: ./conftest
configure:7945: $? = 1
configure: program exited with status 1
configure: failed program was:
| /* confdefs.h */
| #define PACKAGE_NAME ""
| #define PACKAGE_TARNAME ""
| #define PACKAGE_VERSION ""
| #define PACKAGE_STRING ""
| #define PACKAGE_BUGREPORT ""
| #define PACKAGE_URL ""
| #define STDC_HEADERS 1
| #define HAVE_SYS_TYPES_H 1
| #define HAVE_SYS_STAT_H 1
| #define HAVE_STDLIB_H 1
| #define HAVE_STRING_H 1
| #define HAVE_MEMORY_H 1
| #define HAVE_STRINGS_H 1
| #define HAVE_INTTYPES_H 1
| #define HAVE_STDINT_H 1
| #define HAVE_UNISTD_H 1
| #define HAVE_LIMITS_H 1
| #define HAVE_UNISTD_H 1
| #define HAVE_SYS_PARAM_H 1
| #define STATIC_BUILD 1
| #define PEEK_XCLOSEIM 1
| #define _LARGEFILE64_SOURCE 1
| #define TCL_WIDE_INT_IS_LONG 1
| #define HAVE_GETCWD 1
| #define HAVE_OPENDIR 1
| #define HAVE_STRSTR 1
| #define HAVE_STRTOL 1
| #define HAVE_STRTOLL 1
| #define HAVE_STRTOULL 1
| #define HAVE_TMPNAM 1
| #define HAVE_WAITPID 1
| /* end confdefs.h.  */
| 
| #include <termios.h>
| 
| int main() {
|     struct termios t;
|     if (tcgetattr(0, &t) == 0) {
| 	cfsetospeed(&t, 0);
| 	t.c_cflag |= PARENB | PARODD | CSIZE | CSTOPB;
| 	return 0;
|     }
|     return 1;
| }
configure:7972: gcc -o conftest  -pipe   -Wl,--export-dynamic conftest.c  >&5
configure:7972: $? = 0
configure:7972: ./conftest
configure:7972: $? = 1
configure: program exited with status 1
configure: failed program was:
| /* confdefs.h */
| #define PACKAGE_NAME ""
| #define PACKAGE_TARNAME ""
| #define PACKAGE_VERSION ""
| #define PACKAGE_STRING ""
| #define PACKAGE_BUGREPORT ""
| #define PACKAGE_URL ""
| #define STDC_HEADERS 1
| #define HAVE_SYS_TYPES_H 1
| #define HAVE_SYS_STAT_H 1
| #define HAVE_STDLIB_H 1
| #define HAVE_STRING_H 1
| #define HAVE_MEMORY_H 1
| #define HAVE_STRINGS_H 1
| #define HAVE_INTTYPES_H 1
| #define HAVE_STDINT_H 1
| #define HAVE_UNISTD_H 1
| #define HAVE_LIMITS_H 1
| #define HAVE_UNISTD_H 1
| #define HAVE_SYS_PARAM_H 1
| #define STATIC_BUILD 1
| #define PEEK_XCLOSEIM 1
| #define _LARGEFILE64_SOURCE 1
| #define TCL_WIDE_INT_IS_LONG 1
| #define HAVE_GETCWD 1
| #define HAVE_OPENDIR 1
| #define HAVE_STRSTR 1
| #define HAVE_STRTOL 1
| #define HAVE_STRTOLL 1
| #define HAVE_STRTOULL 1
| #define HAVE_TMPNAM 1
| #define HAVE_WAITPID 1
| /* end confdefs.h.  */
| 
| #include <termio.h>
| 
| int main() {
|     struct termio t;
|     if (ioctl(0, TCGETA, &t) == 0) {
| 	t.c_cflag |= CBAUD | PARENB | PARODD | CSIZE | CSTOPB;
| 	return 0;
|     }
|     return 1;
| }
configure:8001: gcc -o conftest  -pipe   -Wl,--export-dynamic conftest.c  >&5
conftest.c: In function 'main':
conftest.c:38:19: error: storage size of 't' isn't known
conftest.c:39:18: error: 'TIOCGETP' undeclared (first use in this function)
conftest.c:39:18: note: each undeclared identifier is reported only once for each function it appears in
conftest.c:41:16: error: 'ODDP' undeclared (first use in this function)
conftest.c:41:23: error: 'EVENP' undeclared (first use in this function)
conftest.c:41:31: error: 'RAW' undeclared (first use in this function)
configure:8001: $? = 1
configure: program exited with status 1
configure: failed program was:
| /* confdefs.h */
| #define PACKAGE_NAME ""
| #define PACKAGE_TARNAME ""
| #define PACKAGE_VERSION ""
| #define PACKAGE_STRING ""
| #define PACKAGE_BUGREPORT ""
| #define PACKAGE_URL ""
| #define STDC_HEADERS 1
| #define HAVE_SYS_TYPES_H 1
| #define HAVE_SYS_STAT_H 1
| #define HAVE_STDLIB_H 1
| #define HAVE_STRING_H 1
| #define HAVE_MEMORY_H 1
| #define HAVE_STRINGS_H 1
| #define HAVE_INTTYPES_H 1
| #define HAVE_STDINT_H 1
| #define HAVE_UNISTD_H 1
| #define HAVE_LIMITS_H 1
| #define HAVE_UNISTD_H 1
| #define HAVE_SYS_PARAM_H 1
| #define STATIC_BUILD 1
| #define PEEK_XCLOSEIM 1
| #define _LARGEFILE64_SOURCE 1
| #define TCL_WIDE_INT_IS_LONG 1
| #define HAVE_GETCWD 1
| #define HAVE_OPENDIR 1
| #define HAVE_STRSTR 1
| #define HAVE_STRTOL 1
| #define HAVE_STRTOLL 1
| #define HAVE_STRTOULL 1
| #define HAVE_TMPNAM 1
| #define HAVE_WAITPID 1
| /* end confdefs.h.  */
| 
| #include <sgtty.h>
| 
| int main() {
|     struct sgttyb t;
|     if (ioctl(0, TIOCGETP, &t) == 0) {
| 	t.sg_ospeed = 0;
| 	t.sg_flags |= ODDP | EVENP | RAW;
| 	return 0;
|     }
|     return 1;
| }
configure:8032: gcc -o conftest  -pipe   -Wl,--export-dynamic conftest.c  >&5
configure:8032: $? = 0
configure:8032: ./conftest
configure:8032: $? = 0
configure:8104: result: termios
configure:8126: checking for fd_set in sys/types
configure:8143: gcc -c  -pipe  conftest.c >&5
configure:8143: $? = 0
configure:8150: result: yes
configure:8191: checking whether struct tm is in sys/time.h or time.h
configure:8211: gcc -c  -pipe  conftest.c >&5
configure:8211: $? = 0
configure:8218: result: time.h
configure:8229: checking sys/time.h usability
configure:8229: gcc -c  -pipe  conftest.c >&5
configure:8229: $? = 0
configure:8229: result: yes
configure:8229: checking sys/time.h presence
configure:8229: gcc -E  conftest.c
configure:8229: $? = 0
configure:8229: result: yes
configure:8229: checking for sys/time.h
configure:8229: result: yes
configure:8239: checking whether time.h and sys/time.h may both be included
configure:8259: gcc -c  -pipe  conftest.c >&5
configure:8259: $? = 0
configure:8266: result: yes
configure:8274: checking for struct tm.tm_zone
configure:8274: gcc -c  -pipe  conftest.c >&5
configure:8274: $? = 0
configure:8274: result: yes
configure:8345: checking for gmtime_r
configure:8345: gcc -o conftest  -pipe   -Wl,--export-dynamic conftest.c  >&5
configure:8345: $? = 0
configure:8345: result: yes
configure:8345: checking for localtime_r
configure:8345: gcc -o conftest  -pipe   -Wl,--export-dynamic conftest.c  >&5
configure:8345: $? = 0
configure:8345: result: yes
configure:8355: checking tm_tzadj in struct tm
configure:8372: gcc -c  -pipe  conftest.c >&5
conftest.c: In function 'main':
conftest.c:45:17: error: 'struct tm' has no member named 'tm_tzadj'
configure:8372: $? = 1
configure: failed program was:
| /* confdefs.h */
| #define PACKAGE_NAME ""
| #define PACKAGE_TARNAME ""
| #define PACKAGE_VERSION ""
| #define PACKAGE_STRING ""
| #define PACKAGE_BUGREPORT ""
| #define PACKAGE_URL ""
| #define STDC_HEADERS 1
| #define HAVE_SYS_TYPES_H 1
| #define HAVE_SYS_STAT_H 1
| #define HAVE_STDLIB_H 1
| #define HAVE_STRING_H 1
| #define HAVE_MEMORY_H 1
| #define HAVE_STRINGS_H 1
| #define HAVE_INTTYPES_H 1
| #define HAVE_STDINT_H 1
| #define HAVE_UNISTD_H 1
| #define HAVE_LIMITS_H 1
| #define HAVE_UNISTD_H 1
| #define HAVE_SYS_PARAM_H 1
| #define STATIC_BUILD 1
| #define PEEK_XCLOSEIM 1
| #define _LARGEFILE64_SOURCE 1
| #define TCL_WIDE_INT_IS_LONG 1
| #define HAVE_GETCWD 1
| #define HAVE_OPENDIR 1
| #define HAVE_STRSTR 1
| #define HAVE_STRTOL 1
| #define HAVE_STRTOLL 1
| #define HAVE_STRTOULL 1
| #define HAVE_TMPNAM 1
| #define HAVE_WAITPID 1
| #define USE_TERMIOS 1
| #define HAVE_SYS_TIME_H 1
| #define TIME_WITH_SYS_TIME 1
| #define HAVE_STRUCT_TM_TM_ZONE 1
| #define HAVE_TM_ZONE 1
| #define HAVE_GMTIME_R 1
| #define HAVE_LOCALTIME_R 1
| /* end confdefs.h.  */
| #include <time.h>
| int
| main ()
| {
| struct tm tm; tm.tm_tzadj;
|   ;
|   return 0;
| }
configure:8379: result: no
configure:8386: checking tm_gmtoff in struct tm
configure:8403: gcc -c  -pipe  conftest.c >&5
configure:8403: $? = 0
configure:8410: result: yes
configure:8421: checking long timezone variable
configure:8440: gcc -c  -pipe  conftest.c >&5
conftest.c: In function 'main':
conftest.c:48:6: warning: incompatible implicit declaration of built-in function 'exit' [enabled by default]
configure:8440: $? = 0
configure:8447: result: yes
configure:8495: checking for struct stat.st_blksize
configure:8495: gcc -c  -pipe  conftest.c >&5
configure:8495: $? = 0
configure:8495: result: yes
configure:8508: checking for fstatfs
configure:8508: gcc -o conftest  -pipe   -Wl,--export-dynamic conftest.c  >&5
configure:8508: $? = 0
configure:8508: result: yes
configure:8521: checking for working memcmp
configure:8564: gcc -o conftest  -pipe   -Wl,--export-dynamic conftest.c  >&5
configure:8564: $? = 0
configure:8564: ./conftest
configure:8564: $? = 0
configure:8574: result: yes
configure:8589: checking for memmove
configure:8589: gcc -o conftest  -pipe   -Wl,--export-dynamic conftest.c  >&5
conftest.c:68:6: warning: conflicting types for built-in function 'memmove' [enabled by default]
configure:8589: $? = 0
configure:8589: result: yes
configure:8604: checking proper strstr implementation
configure:8622: gcc -o conftest  -pipe   -Wl,--export-dynamic conftest.c  >&5
conftest.c:46:13: warning: conflicting types for built-in function 'strstr' [enabled by default]
conftest.c: In function 'main':
conftest.c:49:6: warning: incompatible implicit declaration of built-in function 'exit' [enabled by default]
configure:8622: $? = 0
configure:8622: ./conftest
configure:8622: $? = 0
configure:8632: result: ok
configure:8645: checking for strtoul
configure:8645: gcc -o conftest  -pipe   -Wl,--export-dynamic conftest.c  >&5
configure:8645: $? = 0
configure:8645: result: yes
configure:8653: checking proper strtoul implementation
configure:8678: gcc -o conftest  -pipe   -Wl,--export-dynamic conftest.c  >&5
conftest.c: In function 'main':
conftest.c:54:3: warning: incompatible implicit declaration of built-in function 'exit' [enabled by default]
conftest.c:56:6: warning: incompatible implicit declaration of built-in function 'exit' [enabled by default]
configure:8678: $? = 0
configure:8678: ./conftest
configure:8678: $? = 0
configure:8688: result: ok
configure:8703: checking for strtod
configure:8703: gcc -o conftest  -pipe   -Wl,--export-dynamic conftest.c  >&5
configure:8703: $? = 0
configure:8703: result: yes
configure:8711: checking proper strtod implementation
configure:8736: gcc -o conftest  -pipe   -Wl,--export-dynamic conftest.c  >&5
conftest.c: In function 'main':
conftest.c:54:3: warning: incompatible implicit declaration of built-in function 'exit' [enabled by default]
conftest.c:56:6: warning: incompatible implicit declaration of built-in function 'exit' [enabled by default]
configure:8736: $? = 0
configure:8736: ./conftest
configure:8736: $? = 0
configure:8746: result: ok
configure:8764: checking for strtod
configure:8764: result: yes
configure:8772: checking for Solaris2.4/Tru64 strtod bugs
configure:8804: gcc -o conftest  -pipe   -Wl,--export-dynamic conftest.c  >&5
conftest.c: In function 'main':
conftest.c:53:4: warning: incompatible implicit declaration of built-in function 'exit' [enabled by default]
conftest.c:57:4: warning: incompatible implicit declaration of built-in function 'exit' [enabled by default]
conftest.c:61:4: warning: incompatible implicit declaration of built-in function 'exit' [enabled by default]
conftest.c:63:7: warning: incompatible implicit declaration of built-in function 'exit' [enabled by default]
configure:8804: $? = 0
configure:8804: ./conftest
configure:8804: $? = 0
configure:8814: result: ok
configure:8829: checking for mode_t
configure:8829: gcc -c  -pipe  conftest.c >&5
configure:8829: $? = 0
configure:8829: gcc -c  -pipe  conftest.c >&5
conftest.c: In function 'main':
conftest.c:81:21: error: expected expression before ')' token
configure:8829: $? = 1
configure: failed program was:
| /* confdefs.h */
| #define PACKAGE_NAME ""
| #define PACKAGE_TARNAME ""
| #define PACKAGE_VERSION ""
| #define PACKAGE_STRING ""
| #define PACKAGE_BUGREPORT ""
| #define PACKAGE_URL ""
| #define STDC_HEADERS 1
| #define HAVE_SYS_TYPES_H 1
| #define HAVE_SYS_STAT_H 1
| #define HAVE_STDLIB_H 1
| #define HAVE_STRING_H 1
| #define HAVE_MEMORY_H 1
| #define HAVE_STRINGS_H 1
| #define HAVE_INTTYPES_H 1
| #define HAVE_STDINT_H 1
| #define HAVE_UNISTD_H 1
| #define HAVE_LIMITS_H 1
| #define HAVE_UNISTD_H 1
| #define HAVE_SYS_PARAM_H 1
| #define STATIC_BUILD 1
| #define PEEK_XCLOSEIM 1
| #define _LARGEFILE64_SOURCE 1
| #define TCL_WIDE_INT_IS_LONG 1
| #define HAVE_GETCWD 1
| #define HAVE_OPENDIR 1
| #define HAVE_STRSTR 1
| #define HAVE_STRTOL 1
| #define HAVE_STRTOLL 1
| #define HAVE_STRTOULL 1
| #define HAVE_TMPNAM 1
| #define HAVE_WAITPID 1
| #define USE_TERMIOS 1
| #define HAVE_SYS_TIME_H 1
| #define TIME_WITH_SYS_TIME 1
| #define HAVE_STRUCT_TM_TM_ZONE 1
| #define HAVE_TM_ZONE 1
| #define HAVE_GMTIME_R 1
| #define HAVE_LOCALTIME_R 1
| #define HAVE_TM_GMTOFF 1
| #define HAVE_TIMEZONE_VAR 1
| #define HAVE_STRUCT_STAT_ST_BLKSIZE 1
| #define HAVE_ST_BLKSIZE 1
| /* end confdefs.h.  */
| #include <stdio.h>
| #ifdef HAVE_SYS_TYPES_H
| # include <sys/types.h>
| #endif
| #ifdef HAVE_SYS_STAT_H
| # include <sys/stat.h>
| #endif
| #ifdef STDC_HEADERS
| # include <stdlib.h>
| # include <stddef.h>
| #else
| # ifdef HAVE_STDLIB_H
| #  include <stdlib.h>
| # endif
| #endif
| #ifdef HAVE_STRING_H
| # if !defined STDC_HEADERS && defined HAVE_MEMORY_H
| #  include <memory.h>
| # endif
| # include <string.h>
| #endif
| #ifdef HAVE_STRINGS_H
| # include <strings.h>
| #endif
| #ifdef HAVE_INTTYPES_H
| # include <inttypes.h>
| #endif
| #ifdef HAVE_STDINT_H
| # include <stdint.h>
| #endif
| #ifdef HAVE_UNISTD_H
| # include <unistd.h>
| #endif
| int
| main ()
| {
| if (sizeof ((mode_t)))
| 	    return 0;
|   ;
|   return 0;
| }
configure:8829: result: yes
configure:8840: checking for pid_t
configure:8840: gcc -c  -pipe  conftest.c >&5
configure:8840: $? = 0
configure:8840: gcc -c  -pipe  conftest.c >&5
conftest.c: In function 'main':
conftest.c:81:20: error: expected expression before ')' token
configure:8840: $? = 1
configure: failed program was:
| /* confdefs.h */
| #define PACKAGE_NAME ""
| #define PACKAGE_TARNAME ""
| #define PACKAGE_VERSION ""
| #define PACKAGE_STRING ""
| #define PACKAGE_BUGREPORT ""
| #define PACKAGE_URL ""
| #define STDC_HEADERS 1
| #define HAVE_SYS_TYPES_H 1
| #define HAVE_SYS_STAT_H 1
| #define HAVE_STDLIB_H 1
| #define HAVE_STRING_H 1
| #define HAVE_MEMORY_H 1
| #define HAVE_STRINGS_H 1
| #define HAVE_INTTYPES_H 1
| #define HAVE_STDINT_H 1
| #define HAVE_UNISTD_H 1
| #define HAVE_LIMITS_H 1
| #define HAVE_UNISTD_H 1
| #define HAVE_SYS_PARAM_H 1
| #define STATIC_BUILD 1
| #define PEEK_XCLOSEIM 1
| #define _LARGEFILE64_SOURCE 1
| #define TCL_WIDE_INT_IS_LONG 1
| #define HAVE_GETCWD 1
| #define HAVE_OPENDIR 1
| #define HAVE_STRSTR 1
| #define HAVE_STRTOL 1
| #define HAVE_STRTOLL 1
| #define HAVE_STRTOULL 1
| #define HAVE_TMPNAM 1
| #define HAVE_WAITPID 1
| #define USE_TERMIOS 1
| #define HAVE_SYS_TIME_H 1
| #define TIME_WITH_SYS_TIME 1
| #define HAVE_STRUCT_TM_TM_ZONE 1
| #define HAVE_TM_ZONE 1
| #define HAVE_GMTIME_R 1
| #define HAVE_LOCALTIME_R 1
| #define HAVE_TM_GMTOFF 1
| #define HAVE_TIMEZONE_VAR 1
| #define HAVE_STRUCT_STAT_ST_BLKSIZE 1
| #define HAVE_ST_BLKSIZE 1
| /* end confdefs.h.  */
| #include <stdio.h>
| #ifdef HAVE_SYS_TYPES_H
| # include <sys/types.h>
| #endif
| #ifdef HAVE_SYS_STAT_H
| # include <sys/stat.h>
| #endif
| #ifdef STDC_HEADERS
| # include <stdlib.h>
| # include <stddef.h>
| #else
| # ifdef HAVE_STDLIB_H
| #  include <stdlib.h>
| # endif
| #endif
| #ifdef HAVE_STRING_H
| # if !defined STDC_HEADERS && defined HAVE_MEMORY_H
| #  include <memory.h>
| # endif
| # include <string.h>
| #endif
| #ifdef HAVE_STRINGS_H
| # include <strings.h>
| #endif
| #ifdef HAVE_INTTYPES_H
| # include <inttypes.h>
| #endif
| #ifdef HAVE_STDINT_H
| # include <stdint.h>
| #endif
| #ifdef HAVE_UNISTD_H
| # include <unistd.h>
| #endif
| int
| main ()
| {
| if (sizeof ((pid_t)))
| 	    return 0;
|   ;
|   return 0;
| }
configure:8840: result: yes
configure:8851: checking for size_t
configure:8851: gcc -c  -pipe  conftest.c >&5
configure:8851: $? = 0
configure:8851: gcc -c  -pipe  conftest.c >&5
conftest.c: In function 'main':
conftest.c:81:21: error: expected expression before ')' token
configure:8851: $? = 1
configure: failed program was:
| /* confdefs.h */
| #define PACKAGE_NAME ""
| #define PACKAGE_TARNAME ""
| #define PACKAGE_VERSION ""
| #define PACKAGE_STRING ""
| #define PACKAGE_BUGREPORT ""
| #define PACKAGE_URL ""
| #define STDC_HEADERS 1
| #define HAVE_SYS_TYPES_H 1
| #define HAVE_SYS_STAT_H 1
| #define HAVE_STDLIB_H 1
| #define HAVE_STRING_H 1
| #define HAVE_MEMORY_H 1
| #define HAVE_STRINGS_H 1
| #define HAVE_INTTYPES_H 1
| #define HAVE_STDINT_H 1
| #define HAVE_UNISTD_H 1
| #define HAVE_LIMITS_H 1
| #define HAVE_UNISTD_H 1
| #define HAVE_SYS_PARAM_H 1
| #define STATIC_BUILD 1
| #define PEEK_XCLOSEIM 1
| #define _LARGEFILE64_SOURCE 1
| #define TCL_WIDE_INT_IS_LONG 1
| #define HAVE_GETCWD 1
| #define HAVE_OPENDIR 1
| #define HAVE_STRSTR 1
| #define HAVE_STRTOL 1
| #define HAVE_STRTOLL 1
| #define HAVE_STRTOULL 1
| #define HAVE_TMPNAM 1
| #define HAVE_WAITPID 1
| #define USE_TERMIOS 1
| #define HAVE_SYS_TIME_H 1
| #define TIME_WITH_SYS_TIME 1
| #define HAVE_STRUCT_TM_TM_ZONE 1
| #define HAVE_TM_ZONE 1
| #define HAVE_GMTIME_R 1
| #define HAVE_LOCALTIME_R 1
| #define HAVE_TM_GMTOFF 1
| #define HAVE_TIMEZONE_VAR 1
| #define HAVE_STRUCT_STAT_ST_BLKSIZE 1
| #define HAVE_ST_BLKSIZE 1
| /* end confdefs.h.  */
| #include <stdio.h>
| #ifdef HAVE_SYS_TYPES_H
| # include <sys/types.h>
| #endif
| #ifdef HAVE_SYS_STAT_H
| # include <sys/stat.h>
| #endif
| #ifdef STDC_HEADERS
| # include <stdlib.h>
| # include <stddef.h>
| #else
| # ifdef HAVE_STDLIB_H
| #  include <stdlib.h>
| # endif
| #endif
| #ifdef HAVE_STRING_H
| # if !defined STDC_HEADERS && defined HAVE_MEMORY_H
| #  include <memory.h>
| # endif
| # include <string.h>
| #endif
| #ifdef HAVE_STRINGS_H
| # include <strings.h>
| #endif
| #ifdef HAVE_INTTYPES_H
| # include <inttypes.h>
| #endif
| #ifdef HAVE_STDINT_H
| # include <stdint.h>
| #endif
| #ifdef HAVE_UNISTD_H
| # include <unistd.h>
| #endif
| int
| main ()
| {
| if (sizeof ((size_t)))
| 	    return 0;
|   ;
|   return 0;
| }
configure:8851: result: yes
configure:8862: checking for uid_t in sys/types.h
configure:8881: result: yes
configure:8893: checking for socklen_t
configure:8919: result: yes
configure:8933: checking for opendir
configure:8933: result: yes
configure:8950: checking union wait
configure:8972: gcc -o conftest  -pipe   -Wl,--export-dynamic conftest.c  >&5
configure:8972: $? = 0
configure:8980: result: yes
configure:8993: checking for strncasecmp
configure:8993: gcc -o conftest  -pipe   -Wl,--export-dynamic conftest.c  >&5
conftest.c:68:6: warning: conflicting types for built-in function 'strncasecmp' [enabled by default]
configure:8993: $? = 0
configure:8993: result: yes
configure:9103: checking for BSDgettimeofday
configure:9103: gcc -o conftest  -pipe   -Wl,--export-dynamic conftest.c  >&5
/tmp/ccPiFKDT.o: In function `main':
conftest.c:(.text+0xa): undefined reference to `BSDgettimeofday'
collect2: ld returned 1 exit status
configure:9103: $? = 1
configure: failed program was:
| /* confdefs.h */
| #define PACKAGE_NAME ""
| #define PACKAGE_TARNAME ""
| #define PACKAGE_VERSION ""
| #define PACKAGE_STRING ""
| #define PACKAGE_BUGREPORT ""
| #define PACKAGE_URL ""
| #define STDC_HEADERS 1
| #define HAVE_SYS_TYPES_H 1
| #define HAVE_SYS_STAT_H 1
| #define HAVE_STDLIB_H 1
| #define HAVE_STRING_H 1
| #define HAVE_MEMORY_H 1
| #define HAVE_STRINGS_H 1
| #define HAVE_INTTYPES_H 1
| #define HAVE_STDINT_H 1
| #define HAVE_UNISTD_H 1
| #define HAVE_LIMITS_H 1
| #define HAVE_UNISTD_H 1
| #define HAVE_SYS_PARAM_H 1
| #define STATIC_BUILD 1
| #define PEEK_XCLOSEIM 1
| #define _LARGEFILE64_SOURCE 1
| #define TCL_WIDE_INT_IS_LONG 1
| #define HAVE_GETCWD 1
| #define HAVE_OPENDIR 1
| #define HAVE_STRSTR 1
| #define HAVE_STRTOL 1
| #define HAVE_STRTOLL 1
| #define HAVE_STRTOULL 1
| #define HAVE_TMPNAM 1
| #define HAVE_WAITPID 1
| #define USE_TERMIOS 1
| #define HAVE_SYS_TIME_H 1
| #define TIME_WITH_SYS_TIME 1
| #define HAVE_STRUCT_TM_TM_ZONE 1
| #define HAVE_TM_ZONE 1
| #define HAVE_GMTIME_R 1
| #define HAVE_LOCALTIME_R 1
| #define HAVE_TM_GMTOFF 1
| #define HAVE_TIMEZONE_VAR 1
| #define HAVE_STRUCT_STAT_ST_BLKSIZE 1
| #define HAVE_ST_BLKSIZE 1
| /* end confdefs.h.  */
| /* Define BSDgettimeofday to an innocuous variant, in case <limits.h> declares BSDgettimeofday.
|    For example, HP-UX 11i <limits.h> declares gettimeofday.  */
| #define BSDgettimeofday innocuous_BSDgettimeofday
| 
| /* System header to define __stub macros and hopefully few prototypes,
|     which can conflict with char BSDgettimeofday (); below.
|     Prefer <limits.h> to <assert.h> if __STDC__ is defined, since
|     <limits.h> exists even on freestanding compilers.  */
| 
| #ifdef __STDC__
| # include <limits.h>
| #else
| # include <assert.h>
| #endif
| 
| #undef BSDgettimeofday
| 
| /* Override any GCC internal prototype to avoid an error.
|    Use char because int might match the return type of a GCC
|    builtin and then its argument prototype would still apply.  */
| #ifdef __cplusplus
| extern "C"
| #endif
| char BSDgettimeofday ();
| /* The GNU C library defines this for functions which it implements
|     to always fail with ENOSYS.  Some functions are actually named
|     something starting with __ and the normal name is an alias.  */
| #if defined __stub_BSDgettimeofday || defined __stub___BSDgettimeofday
| choke me
| #endif
| 
| int
| main ()
| {
| return BSDgettimeofday ();
|   ;
|   return 0;
| }
configure:9103: result: no
configure:9109: checking for gettimeofday
configure:9109: gcc -o conftest  -pipe   -Wl,--export-dynamic conftest.c  >&5
configure:9109: $? = 0
configure:9109: result: yes
configure:9120: checking for gettimeofday declaration
configure:9140: result: present
configure:9153: checking whether char is unsigned
configure:9171: gcc -c  -pipe  conftest.c >&5
configure:9171: $? = 0
configure:9178: result: no
configure:9185: checking signed char declarations
configure:9205: gcc -c  -pipe  conftest.c >&5
configure:9205: $? = 0
configure:9212: result: yes
configure:9223: checking for a putenv() that copies the buffer
configure:9254: gcc -o conftest  -pipe   -Wl,--export-dynamic conftest.c  >&5
conftest.c: In function 'main':
conftest.c:52:20: warning: incompatible implicit declaration of built-in function 'strdup' [enabled by default]
conftest.c:54:6: warning: incompatible implicit declaration of built-in function 'strcpy' [enabled by default]
conftest.c:54:22: warning: incompatible implicit declaration of built-in function 'strchr' [enabled by default]
configure:9254: $? = 0
configure:9254: ./conftest
configure:9254: $? = 0
configure:9264: result: no
configure:9286: checking langinfo.h usability
configure:9286: gcc -c  -pipe  conftest.c >&5
configure:9286: $? = 0
configure:9286: result: yes
configure:9286: checking langinfo.h presence
configure:9286: gcc -E  conftest.c
configure:9286: $? = 0
configure:9286: result: yes
configure:9286: checking for langinfo.h
configure:9286: result: yes
configure:9295: checking whether to use nl_langinfo
configure:9313: gcc -c  -pipe  conftest.c >&5
configure:9313: $? = 0
configure:9321: result: yes
configure:9465: checking for fts
configure:9490: gcc -o conftest  -pipe   -Wl,--export-dynamic conftest.c  >&5
conftest.c: In function 'main':
conftest.c:56:30: error: 'NULL' undeclared (first use in this function)
conftest.c:56:30: note: each undeclared identifier is reported only once for each function it appears in
configure:9490: $? = 1
configure: failed program was:
| /* confdefs.h */
| #define PACKAGE_NAME ""
| #define PACKAGE_TARNAME ""
| #define PACKAGE_VERSION ""
| #define PACKAGE_STRING ""
| #define PACKAGE_BUGREPORT ""
| #define PACKAGE_URL ""
| #define STDC_HEADERS 1
| #define HAVE_SYS_TYPES_H 1
| #define HAVE_SYS_STAT_H 1
| #define HAVE_STDLIB_H 1
| #define HAVE_STRING_H 1
| #define HAVE_MEMORY_H 1
| #define HAVE_STRINGS_H 1
| #define HAVE_INTTYPES_H 1
| #define HAVE_STDINT_H 1
| #define HAVE_UNISTD_H 1
| #define HAVE_LIMITS_H 1
| #define HAVE_UNISTD_H 1
| #define HAVE_SYS_PARAM_H 1
| #define STATIC_BUILD 1
| #define PEEK_XCLOSEIM 1
| #define _LARGEFILE64_SOURCE 1
| #define TCL_WIDE_INT_IS_LONG 1
| #define HAVE_GETCWD 1
| #define HAVE_OPENDIR 1
| #define HAVE_STRSTR 1
| #define HAVE_STRTOL 1
| #define HAVE_STRTOLL 1
| #define HAVE_STRTOULL 1
| #define HAVE_TMPNAM 1
| #define HAVE_WAITPID 1
| #define USE_TERMIOS 1
| #define HAVE_SYS_TIME_H 1
| #define TIME_WITH_SYS_TIME 1
| #define HAVE_STRUCT_TM_TM_ZONE 1
| #define HAVE_TM_ZONE 1
| #define HAVE_GMTIME_R 1
| #define HAVE_LOCALTIME_R 1
| #define HAVE_TM_GMTOFF 1
| #define HAVE_TIMEZONE_VAR 1
| #define HAVE_STRUCT_STAT_ST_BLKSIZE 1
| #define HAVE_ST_BLKSIZE 1
| #define HAVE_SIGNED_CHAR 1
| #define HAVE_LANGINFO 1
| /* end confdefs.h.  */
| 
| 	    #include <sys/param.h>
| 	    #include <sys/stat.h>
| 	    #include <fts.h>
| 
| int
| main ()
| {
| 
| 	    char*const p[2] = {"/", NULL};
| 	    FTS *f = fts_open(p, FTS_PHYSICAL|FTS_NOCHDIR|FTS_NOSTAT, NULL);
| 	    FTSENT *e = fts_read(f); fts_close(f);
| 
|   ;
|   return 0;
| }
configure:9498: result: no
configure:9515: checking sys/ioctl.h usability
configure:9515: gcc -c  -pipe  conftest.c >&5
configure:9515: $? = 0
configure:9515: result: yes
configure:9515: checking sys/ioctl.h presence
configure:9515: gcc -E  conftest.c
configure:9515: $? = 0
configure:9515: result: yes
configure:9515: checking for sys/ioctl.h
configure:9515: result: yes
configure:9527: checking sys/filio.h usability
configure:9527: gcc -c  -pipe  conftest.c >&5
conftest.c:81:23: fatal error: sys/filio.h: No such file or directory
compilation terminated.
configure:9527: $? = 1
configure: failed program was:
| /* confdefs.h */
| #define PACKAGE_NAME ""
| #define PACKAGE_TARNAME ""
| #define PACKAGE_VERSION ""
| #define PACKAGE_STRING ""
| #define PACKAGE_BUGREPORT ""
| #define PACKAGE_URL ""
| #define STDC_HEADERS 1
| #define HAVE_SYS_TYPES_H 1
| #define HAVE_SYS_STAT_H 1
| #define HAVE_STDLIB_H 1
| #define HAVE_STRING_H 1
| #define HAVE_MEMORY_H 1
| #define HAVE_STRINGS_H 1
| #define HAVE_INTTYPES_H 1
| #define HAVE_STDINT_H 1
| #define HAVE_UNISTD_H 1
| #define HAVE_LIMITS_H 1
| #define HAVE_UNISTD_H 1
| #define HAVE_SYS_PARAM_H 1
| #define STATIC_BUILD 1
| #define PEEK_XCLOSEIM 1
| #define _LARGEFILE64_SOURCE 1
| #define TCL_WIDE_INT_IS_LONG 1
| #define HAVE_GETCWD 1
| #define HAVE_OPENDIR 1
| #define HAVE_STRSTR 1
| #define HAVE_STRTOL 1
| #define HAVE_STRTOLL 1
| #define HAVE_STRTOULL 1
| #define HAVE_TMPNAM 1
| #define HAVE_WAITPID 1
| #define USE_TERMIOS 1
| #define HAVE_SYS_TIME_H 1
| #define TIME_WITH_SYS_TIME 1
| #define HAVE_STRUCT_TM_TM_ZONE 1
| #define HAVE_TM_ZONE 1
| #define HAVE_GMTIME_R 1
| #define HAVE_LOCALTIME_R 1
| #define HAVE_TM_GMTOFF 1
| #define HAVE_TIMEZONE_VAR 1
| #define HAVE_STRUCT_STAT_ST_BLKSIZE 1
| #define HAVE_ST_BLKSIZE 1
| #define HAVE_SIGNED_CHAR 1
| #define HAVE_LANGINFO 1
| #define HAVE_SYS_IOCTL_H 1
| /* end confdefs.h.  */
| #include <stdio.h>
| #ifdef HAVE_SYS_TYPES_H
| # include <sys/types.h>
| #endif
| #ifdef HAVE_SYS_STAT_H
| # include <sys/stat.h>
| #endif
| #ifdef STDC_HEADERS
| # include <stdlib.h>
| # include <stddef.h>
| #else
| # ifdef HAVE_STDLIB_H
| #  include <stdlib.h>
| # endif
| #endif
| #ifdef HAVE_STRING_H
| # if !defined STDC_HEADERS && defined HAVE_MEMORY_H
| #  include <memory.h>
| # endif
| # include <string.h>
| #endif
| #ifdef HAVE_STRINGS_H
| # include <strings.h>
| #endif
| #ifdef HAVE_INTTYPES_H
| # include <inttypes.h>
| #endif
| #ifdef HAVE_STDINT_H
| # include <stdint.h>
| #endif
| #ifdef HAVE_UNISTD_H
| # include <unistd.h>
| #endif
| #include <sys/filio.h>
configure:9527: result: no
configure:9527: checking sys/filio.h presence
configure:9527: gcc -E  conftest.c
conftest.c:48:23: fatal error: sys/filio.h: No such file or directory
compilation terminated.
configure:9527: $? = 1
configure: failed program was:
| /* confdefs.h */
| #define PACKAGE_NAME ""
| #define PACKAGE_TARNAME ""
| #define PACKAGE_VERSION ""
| #define PACKAGE_STRING ""
| #define PACKAGE_BUGREPORT ""
| #define PACKAGE_URL ""
| #define STDC_HEADERS 1
| #define HAVE_SYS_TYPES_H 1
| #define HAVE_SYS_STAT_H 1
| #define HAVE_STDLIB_H 1
| #define HAVE_STRING_H 1
| #define HAVE_MEMORY_H 1
| #define HAVE_STRINGS_H 1
| #define HAVE_INTTYPES_H 1
| #define HAVE_STDINT_H 1
| #define HAVE_UNISTD_H 1
| #define HAVE_LIMITS_H 1
| #define HAVE_UNISTD_H 1
| #define HAVE_SYS_PARAM_H 1
| #define STATIC_BUILD 1
| #define PEEK_XCLOSEIM 1
| #define _LARGEFILE64_SOURCE 1
| #define TCL_WIDE_INT_IS_LONG 1
| #define HAVE_GETCWD 1
| #define HAVE_OPENDIR 1
| #define HAVE_STRSTR 1
| #define HAVE_STRTOL 1
| #define HAVE_STRTOLL 1
| #define HAVE_STRTOULL 1
| #define HAVE_TMPNAM 1
| #define HAVE_WAITPID 1
| #define USE_TERMIOS 1
| #define HAVE_SYS_TIME_H 1
| #define TIME_WITH_SYS_TIME 1
| #define HAVE_STRUCT_TM_TM_ZONE 1
| #define HAVE_TM_ZONE 1
| #define HAVE_GMTIME_R 1
| #define HAVE_LOCALTIME_R 1
| #define HAVE_TM_GMTOFF 1
| #define HAVE_TIMEZONE_VAR 1
| #define HAVE_STRUCT_STAT_ST_BLKSIZE 1
| #define HAVE_ST_BLKSIZE 1
| #define HAVE_SIGNED_CHAR 1
| #define HAVE_LANGINFO 1
| #define HAVE_SYS_IOCTL_H 1
| /* end confdefs.h.  */
| #include <sys/filio.h>
configure:9527: result: no
configure:9527: checking for sys/filio.h
configure:9527: result: no
configure:9538: checking system version
configure:9566: result: Linux-3.2.0-91-generic
configure:9570: checking FIONBIO vs. O_NONBLOCK for nonblocking I/O
configure:9597: result: O_NONBLOCK
configure:9668: checking whether to enable DTrace support
configure:9679: result: no
configure:10080: creating ./config.status

## ---------------------- ##
## Running config.status. ##
## ---------------------- ##

This file was extended by config.status, which was
generated by GNU Autoconf 2.68.  Invocation command line was

  CONFIG_FILES    = 
  CONFIG_HEADERS  = 
  CONFIG_LINKS    = 
  CONFIG_COMMANDS = 
  $ ./config.status 

on secnode1

config.status:824: creating Makefile
config.status:923: WARNING:  'Makefile.in' seems to ignore the --datarootdir setting
config.status:824: creating dltest/Makefile
config.status:824: creating tclConfig.sh
configure:11117: WARNING: unrecognized options: --enable-gcc

## ---------------- ##
## Cache variables. ##
## ---------------- ##

ac_cv_c_bigendian=no
ac_cv_c_char_unsigned=no
ac_cv_c_compiler_gnu=yes
ac_cv_env_CC_set=
ac_cv_env_CC_value=
ac_cv_env_CFLAGS_set=
ac_cv_env_CFLAGS_value=
ac_cv_env_CPPFLAGS_set=
ac_cv_env_CPPFLAGS_value=
ac_cv_env_CPP_set=
ac_cv_env_CPP_value=
ac_cv_env_LDFLAGS_set=
ac_cv_env_LDFLAGS_value=
ac_cv_env_LIBS_set=
ac_cv_env_LIBS_value=
ac_cv_env_build_alias_set=
ac_cv_env_build_alias_value=
ac_cv_env_host_alias_set=
ac_cv_env_host_alias_value=
ac_cv_env_target_alias_set=
ac_cv_env_target_alias_value=
ac_cv_func_BSDgettimeofday=no
ac_cv_func_connect=yes
ac_cv_func_fstatfs=yes
ac_cv_func_getcwd=yes
ac_cv_func_gethostbyname=yes
ac_cv_func_gettimeofday=yes
ac_cv_func_getwd=yes
ac_cv_func_gmtime_r=yes
ac_cv_func_localtime_r=yes
ac_cv_func_memcmp_working=yes
ac_cv_func_memmove=yes
ac_cv_func_opendir=yes
ac_cv_func_realpath=yes
ac_cv_func_sin=no
ac_cv_func_strerror=yes
ac_cv_func_strncasecmp=yes
ac_cv_func_strstr=yes
ac_cv_func_strtod=yes
ac_cv_func_strtol=yes
ac_cv_func_strtoll=yes
ac_cv_func_strtoul=yes
ac_cv_func_strtoull=yes
ac_cv_func_tmpnam=yes
ac_cv_func_uname=yes
ac_cv_func_wait3=yes
ac_cv_func_waitpid=yes
ac_cv_header_dlfcn_h=yes
ac_cv_header_errno_h=yes
ac_cv_header_float_h=yes
ac_cv_header_inttypes_h=yes
ac_cv_header_langinfo_h=yes
ac_cv_header_limits_h=yes
ac_cv_header_memory_h=yes
ac_cv_header_net_errno_h=no
ac_cv_header_stdc=yes
ac_cv_header_stdint_h=yes
ac_cv_header_stdlib_h=yes
ac_cv_header_string_h=yes
ac_cv_header_strings_h=yes
ac_cv_header_sys_filio_h=no
ac_cv_header_sys_ioctl_h=yes
ac_cv_header_sys_modem_h=no
ac_cv_header_sys_param_h=yes
ac_cv_header_sys_stat_h=yes
ac_cv_header_sys_time_h=yes
ac_cv_header_sys_types_h=yes
ac_cv_header_sys_wait_h=yes
ac_cv_header_time=yes
ac_cv_header_unistd_h=yes
ac_cv_header_values_h=yes
ac_cv_lib_dl_dlopen=yes
ac_cv_lib_ieee_main=yes
ac_cv_lib_inet_main=no
ac_cv_member_struct_stat_st_blksize=yes
ac_cv_member_struct_tm_tm_zone=yes
ac_cv_objext=o
ac_cv_path_EGREP='/bin/grep -E'
ac_cv_path_GREP=/bin/grep
ac_cv_prog_AR=ar
ac_cv_prog_CPP='gcc -E'
ac_cv_prog_ac_ct_CC=gcc
ac_cv_prog_ac_ct_RANLIB=ranlib
ac_cv_prog_cc_c89=
ac_cv_prog_cc_g=yes
ac_cv_struct_tm=time.h
ac_cv_type_mode_t=yes
ac_cv_type_pid_t=yes
ac_cv_type_size_t=yes
ac_cv_type_socklen_t=yes
ac_cv_type_uid_t=yes
tcl_cv_api_fts=no
tcl_cv_api_serial=termios
tcl_cv_cc_pipe=yes
tcl_cv_char_signed=yes
tcl_cv_dirent_h=yes
tcl_cv_flag__isoc99_source=no
tcl_cv_flag__largefile64_source=yes
tcl_cv_flag__largefile_source64=no
tcl_cv_grep_gettimeofday=present
tcl_cv_langinfo_h=yes
tcl_cv_member_tm_gmtoff=yes
tcl_cv_member_tm_tzadj=no
tcl_cv_putenv_copy=no
tcl_cv_strstr_unbroken=ok
tcl_cv_strtod_buggy=ok
tcl_cv_strtod_unbroken=ok
tcl_cv_strtoul_unbroken=ok
tcl_cv_sys_version=Linux-3.2.0-91-generic
tcl_cv_timezone_long=yes
tcl_cv_type_64bit=none
tcl_cv_type_fd_set=yes
tcl_cv_union_wait=yes

## ----------------- ##
## Output variables. ##
## ----------------- ##

AR='ar'
BUILD_DLTEST='$(DLTEST_TARGETS)'
CC='gcc'
CC_SEARCH_FLAGS='-Wl,-rpath,${LIB_RUNTIME_DIR}'
CFG_TCL_EXPORT_FILE_SUFFIX=''
CFG_TCL_SHARED_LIB_SUFFIX='${VERSION}${DBGX}.so'
CFG_TCL_UNSHARED_LIB_SUFFIX='${VERSION}${DBGX}.a'
CFLAGS=' -pipe '
CFLAGS_DEBUG='-g'
CFLAGS_DEFAULT='$(CFLAGS_OPTIMIZE)'
CFLAGS_OPTIMIZE='-O2'
CFLAGS_WARNING='-Wall -Wno-implicit-int -fno-strict-aliasing'
CPP='gcc -E'
CPPFLAGS=''
DEFS='-DPACKAGE_NAME=\"\" -DPACKAGE_TARNAME=\"\" -DPACKAGE_VERSION=\"\" -DPACKAGE_STRING=\"\" -DPACKAGE_BUGREPORT=\"\" -DPACKAGE_URL=\"\" -DSTDC_HEADERS=1 -DHAVE_SYS_TYPES_H=1 -DHAVE_SYS_STAT_H=1 -DHAVE_STDLIB_H=1 -DHAVE_STRING_H=1 -DHAVE_MEMORY_H=1 -DHAVE_STRINGS_H=1 -DHAVE_INTTYPES_H=1 -DHAVE_STDINT_H=1 -DHAVE_UNISTD_H=1 -DHAVE_LIMITS_H=1 -DHAVE_UNISTD_H=1 -DHAVE_SYS_PARAM_H=1 -DSTATIC_BUILD=1 -DPEEK_XCLOSEIM=1 -D_LARGEFILE64_SOURCE=1 -DTCL_WIDE_INT_IS_LONG=1 -DHAVE_GETCWD=1 -DHAVE_OPENDIR=1 -DHAVE_STRSTR=1 -DHAVE_STRTOL=1 -DHAVE_STRTOLL=1 -DHAVE_STRTOULL=1 -DHAVE_TMPNAM=1 -DHAVE_WAITPID=1 -DUSE_TERMIOS=1 -DHAVE_SYS_TIME_H=1 -DTIME_WITH_SYS_TIME=1 -DHAVE_STRUCT_TM_TM_ZONE=1 -DHAVE_TM_ZONE=1 -DHAVE_GMTIME_R=1 -DHAVE_LOCALTIME_R=1 -DHAVE_TM_GMTOFF=1 -DHAVE_TIMEZONE_VAR=1 -DHAVE_STRUCT_STAT_ST_BLKSIZE=1 -DHAVE_ST_BLKSIZE=1 -DHAVE_SIGNED_CHAR=1 -DHAVE_LANGINFO=1 -DHAVE_SYS_IOCTL_H=1'
DL_LIBS='-ldl'
DL_OBJS='tclLoadDl.o'
DTRACE=''
DTRACE_HDR=''
DTRACE_OBJ=''
DTRACE_SRC=''
ECHO_C=''
ECHO_N='-n'
ECHO_T=''
EGREP='/bin/grep -E'
EXEEXT=''
EXTRA_APP_CC_SWITCHES=''
EXTRA_BUILD_HTML=''
EXTRA_CC_SWITCHES=''
EXTRA_INSTALL=''
EXTRA_INSTALL_BINARIES=''
EXTRA_TCLSH_LIBS=''
GREP='/bin/grep'
HTML_DIR='$(DISTDIR)/html'
INSTALL_LIB='$(INSTALL_LIBRARY) $(LIB_FILE) $(LIB_INSTALL_DIR)/$(LIB_FILE) ; (cd $(LIB_INSTALL_DIR) ; $(RANLIB) $(LIB_FILE))'
INSTALL_STUB_LIB='$(INSTALL_LIBRARY) $(STUB_LIB_FILE) $(LIB_INSTALL_DIR)/$(STUB_LIB_FILE) ; (cd $(LIB_INSTALL_DIR) ; $(RANLIB) $(STUB_LIB_FILE))'
LDFLAGS=' -Wl,--export-dynamic'
LDFLAGS_DEBUG=''
LDFLAGS_DEFAULT='$(LDFLAGS_OPTIMIZE)'
LDFLAGS_OPTIMIZE=''
LD_LIBRARY_PATH_VAR='LD_LIBRARY_PATH'
LD_SEARCH_FLAGS='-Wl,-rpath,${LIB_RUNTIME_DIR}'
LIBOBJS=''
LIBS=''
LTLIBOBJS=''
MAKE_LIB='${STLIB_LD} $@ ${OBJS} ; ${RANLIB} $@'
MAKE_STUB_LIB='${STLIB_LD} $@ ${STUB_LIB_OBJS} ; ${RANLIB} $@'
MAN_FLAGS=''
MATH_LIBS='-lieee -lm'
OBJEXT='o'
PACKAGE_BUGREPORT=''
PACKAGE_NAME=''
PACKAGE_STRING=''
PACKAGE_TARNAME=''
PACKAGE_URL=''
PACKAGE_VERSION=''
PATH_SEPARATOR=':'
PLAT_OBJS=''
PLAT_SRCS=''
PRIVATE_INCLUDE_DIR='$(includedir)'
RANLIB='ranlib'
SHELL='/bin/bash'
SHLIB_CFLAGS='-fPIC'
SHLIB_LD='${CC} -shared ${CFLAGS} ${LDFLAGS}'
SHLIB_LD_LIBS='${LIBS}'
SHLIB_SUFFIX='.so'
STLIB_LD='${AR} cr'
TCL_BUILD_EXP_FILE=''
TCL_BUILD_LIB_SPEC='-L/home/salmanee/ns-allinone-2.33/tcl8.4.18/unix -ltcl8.4${TCL_DBGX}'
TCL_BUILD_STUB_LIB_PATH='/home/salmanee/ns-allinone-2.33/tcl8.4.18/unix/libtclstub8.4${TCL_DBGX}.a'
TCL_BUILD_STUB_LIB_SPEC='-L/home/salmanee/ns-allinone-2.33/tcl8.4.18/unix -ltclstub8.4${TCL_DBGX}'
TCL_DBGX=''
TCL_EXP_FILE=''
TCL_HAS_LONGLONG=''
TCL_INCLUDE_SPEC='-I/home/salmanee/ns-allinone-2.33/include'
TCL_LIBRARY='$(prefix)/lib/tcl$(VERSION)'
TCL_LIBS='${DL_LIBS} ${LIBS} ${MATH_LIBS}'
TCL_LIB_FILE='libtcl8.4${TCL_DBGX}.a'
TCL_LIB_FLAG='-ltcl8.4${TCL_DBGX}'
TCL_LIB_SPEC='-L/home/salmanee/ns-allinone-2.33/lib -ltcl8.4${TCL_DBGX}'
TCL_LIB_VERSIONS_OK='ok'
TCL_MAJOR_VERSION='8'
TCL_MINOR_VERSION='4'
TCL_NEEDS_EXP_FILE='0'
TCL_PACKAGE_PATH='/home/salmanee/ns-allinone-2.33/lib '
TCL_PATCH_LEVEL='.18'
TCL_SHARED_BUILD='0'
TCL_SHARED_LIB_SUFFIX='${VERSION}\$\{DBGX\}${SHLIB_SUFFIX}'
TCL_SHLIB_LD_EXTRAS=''
TCL_SRC_DIR='/home/salmanee/ns-allinone-2.33/tcl8.4.18'
TCL_STUB_LIB_FILE='libtclstub8.4${TCL_DBGX}.a'
TCL_STUB_LIB_FLAG='-ltclstub8.4${TCL_DBGX}'
TCL_STUB_LIB_PATH='/home/salmanee/ns-allinone-2.33/lib/libtclstub8.4${TCL_DBGX}.a'
TCL_STUB_LIB_SPEC='-L/home/salmanee/ns-allinone-2.33/lib -ltclstub8.4${TCL_DBGX}'
TCL_THREADS='0'
TCL_UNSHARED_LIB_SUFFIX='${VERSION}\$\{DBGX\}.a'
TCL_VERSION='8.4'
TCL_YEAR=''
TK_SHLIB_LD_EXTRAS=''
ac_ct_CC='gcc'
bindir='${exec_prefix}/bin'
build_alias=''
datadir='${datarootdir}'
datarootdir='${prefix}/share'
docdir='${datarootdir}/doc/${PACKAGE}'
dvidir='${docdir}'
exec_prefix='/home/salmanee/ns-allinone-2.33'
host_alias=''
htmldir='${docdir}'
includedir='${prefix}/include'
infodir='${datarootdir}/info'
libdir='/home/salmanee/ns-allinone-2.33/lib'
libexecdir='${exec_prefix}/libexec'
localedir='${datarootdir}/locale'
localstatedir='${prefix}/var'
mandir='${datarootdir}/man'
oldincludedir='/usr/include'
pdfdir='${docdir}'
prefix='/home/salmanee/ns-allinone-2.33'
program_transform_name='s,x,x,'
psdir='${docdir}'
sbindir='${exec_prefix}/sbin'
sharedstatedir='${prefix}/com'
sysconfdir='${prefix}/etc'
target_alias=''

## ----------- ##
## confdefs.h. ##
## ----------- ##

/* confdefs.h */
#define PACKAGE_NAME ""
#define PACKAGE_TARNAME ""
#define PACKAGE_VERSION ""
#define PACKAGE_STRING ""
#define PACKAGE_BUGREPORT ""
#define PACKAGE_URL ""
#define STDC_HEADERS 1
#define HAVE_SYS_TYPES_H 1
#define HAVE_SYS_STAT_H 1
#define HAVE_STDLIB_H 1
#define HAVE_STRING_H 1
#define HAVE_MEMORY_H 1
#define HAVE_STRINGS_H 1
#define HAVE_INTTYPES_H 1
#define HAVE_STDINT_H 1
#define HAVE_UNISTD_H 1
#define HAVE_LIMITS_H 1
#define HAVE_UNISTD_H 1
#define HAVE_SYS_PARAM_H 1
#define STATIC_BUILD 1
#define PEEK_XCLOSEIM 1
#define _LARGEFILE64_SOURCE 1
#define TCL_WIDE_INT_IS_LONG 1
#define HAVE_GETCWD 1
#define HAVE_OPENDIR 1
#define HAVE_STRSTR 1
#define HAVE_STRTOL 1
#define HAVE_STRTOLL 1
#define HAVE_STRTOULL 1
#define HAVE_TMPNAM 1
#define HAVE_WAITPID 1
#define USE_TERMIOS 1
#define HAVE_SYS_TIME_H 1
#define TIME_WITH_SYS_TIME 1
#define HAVE_STRUCT_TM_TM_ZONE 1
#define HAVE_TM_ZONE 1
#define HAVE_GMTIME_R 1
#define HAVE_LOCALTIME_R 1
#define HAVE_TM_GMTOFF 1
#define HAVE_TIMEZONE_VAR 1
#define HAVE_STRUCT_STAT_ST_BLKSIZE 1
#define HAVE_ST_BLKSIZE 1
#define HAVE_SIGNED_CHAR 1
#define HAVE_LANGINFO 1
#define HAVE_SYS_IOCTL_H 1

configure: exit 0
